Running: C:\Xilinx\14.7\ISE_DS\ISE\bin\nt64\unwrapped\fuse.exe -intstyle ise -incremental -lib unisims_ver -lib unimacro_ver -lib xilinxcorelib_ver -o A:/ismail_cse224/project/tb_isim_beh.exe -prj A:/ismail_cse224/project/tb_beh.prj work.tb work.glbl 
ISim P.20131013 (signature 0x7708f090)
Number of CPUs detected in this system: 4
Turning on mult-threading, number of parallel sub-compilation jobs: 8 
Determining compilation order of HDL files
Analyzing Verilog file "A:/ismail_cse224/project/design.v" into library work
Analyzing Verilog file "A:/ismail_cse224/project/tb.v" into library work
Analyzing Verilog file "C:/Xilinx/14.7/ISE_DS/ISE//verilog/src/glbl.v" into library work
Starting static elaboration
Completed static elaboration
Compiling module VerySimpleCPU
Compiling module blram(SIZE=14,DEPTH=16384)
Compiling module tb
Compiling module glbl
Time Resolution for simulation is 1ps.
Waiting for 1 sub-compilation(s) to finish...
Compiled 4 Verilog Units
Built simulation executable A:/ismail_cse224/project/tb_isim_beh.exe
Fuse Memory Usage: 29652 KB
Fuse CPU Usage: 437 ms
